node.exe : Vercel CLI 55.0.0 (Node.js 24.16.0)
At C:\Users\LalithReddy.b\AppData\Roaming\npm\vercel.ps1:24 char:5
+     & "node$exe"  "$basedir/node_modules/vercel/dist/vc.js" $args
+     ~~~~~~~~~~~~~~~~~~~~~~~~~~~~~~~~~~~~~~~~~~~~~~~~~~~~~~~~~~~~~
    + CategoryInfo          : NotSpecified: (Vercel CLI 55.0.0 (Node.js 24.16.0):String) [], RemoteException
    + FullyQualifiedErrorId : NativeCommandError
 
Retrieving projectΓÇª
Deploying hustlenixs-projects/aquaguardian
Uploading [--------------------] (0.0B/12.6KB)
Uploading [=======-------------] (4.8KB/12.6KB)
Uploading [===========---------] (7.1KB/12.6KB)
Uploading [=================---] (11.1KB/12.6KB)
Uploading [====================] (12.6KB/12.6KB)
  Inspect         https://vercel.com/hustlenixs-projects/aquaguardian/F1q6d7AqAxjes523EhkgS1REGHk2
  Production      https://aquaguardian-aar70x2dm-hustlenixs-projects.vercel.app
BuildingΓÇª
BuildingΓÇª
Running build in Washington, D.C., USA (East) ΓÇô iad1
Build machine configuration: 2 cores, 8 GB
Retrieving list of deployment files...
Downloading 91 deployment files...
Restored build cache from previous deployment (64QnNLiWZ8TikcNzNSbhjoPtoycK)
Running "vercel build"
Vercel CLI 55.0.0
Installing dependencies...
up to date in 936ms
157 packages are looking for funding
run `npm fund` for details
Detected Next.js version: 15.5.20
Running "npm run build"
> aquaguardian_fullstack@1.0.0 build
> next build
Γû▓ Next.js 15.5.20
Creating an optimized production build ...
Γ£ô Compiled successfully in 12.6s
Linting and checking validity of types ...
./src/world/Coral.tsx
107:15  Warning: 'baseColor' is assigned a value but never used.  @typescript-eslint/no-unused-vars
./src/world/LightRays.tsx
8:39  Warning: 'i' is defined but never used. Allowed unused args must match /^_/u.  @typescript-eslint/no-unused-vars
./src/world/World.tsx
6:13  Warning: 'THREE' is defined but never used.  @typescript-eslint/no-unused-vars
info  - Need to disable some ESLint rules? Learn more here: 
https://nextjs.org/docs/app/api-reference/config/eslint#disabling-rules
Collecting page data ...
Generating static pages (0/6) ...
Generating static pages (1/6)
Generating static pages (2/6)
Generating static pages (4/6)
Γ£ô Generating static pages (6/6)
Finalizing page optimization ...
Collecting build traces ...
Route (app)                                 Size  First Load JS
Γöî Γùï /                                    1.28 kB         104 kB
Γö£ Γùï /_not-found                            994 B         104 kB
Γö£ ╞Æ /api/collect                           131 B         103 kB
Γöö ╞Æ /api/stats                             131 B         103 kB
+ First Load JS shared by all             103 kB
Γö£ chunks/255-3981a3d1f3561bd8.js       46.2 kB
Γö£ chunks/4bd1b696-c023c6e3521b1417.js  54.2 kB
Γöö other shared chunks (total)          2.08 kB
Γùï  (Static)   prerendered as static content
╞Æ  (Dynamic)  server-rendered on demand
Traced Next.js server files in: 52.73ms
Created all serverless functions in: 164.043ms
Collected static files (public/, static/, .next/static): 7.573ms
Build Completed in /vercel/output [33s]
Deploying outputs...
[2K[1A[2K[G  Production      https://aquaguardian-aar70x2dm-hustlenixs-projects.vercel.app
CompletingΓÇª
Γû▓ Aliased         https://aquaguardian-taupe.vercel.app

Γ£ô Ready in 46s
https://aquaguardian-aar70x2dm-hustlenixs-projects.vercel.app
